<?xml version="1.0" encoding="UTF-8"?>
<!-- Generated by org.testng.reporters.JUnitReportReporter -->
<testsuite hostname="DESKTOP-7I0VUKO" failures="0" tests="1" name="testcases.HomePageTest" time="13.362" errors="0" timestamp="2023-05-24T14:04:40 BDT" skipped="0">
  <testcase classname="testcases.HomePageTest" name="homePageTest" time="13.362"/>
  <system-out/>
</testsuite> <!-- testcases.HomePageTest -->
