<?xml version="1.0" encoding="UTF-8"?>
<!-- Generated by org.testng.reporters.JUnitReportReporter -->
<testsuite hostname="DESKTOP-7I0VUKO" failures="0" tests="1" name="testcases.BookDetailsTest" time="15.997" errors="0" timestamp="2023-05-24T14:52:22 BDT" skipped="0">
  <testcase classname="testcases.BookDetailsTest" name="bookDetailsTest" time="15.997"/>
  <system-out/>
</testsuite> <!-- testcases.BookDetailsTest -->
