<?xml version="1.0" encoding="UTF-8"?>
<!-- Generated by org.testng.reporters.JUnitReportReporter -->
<testsuite hostname="DESKTOP-7I0VUKO" failures="0" tests="1" name="testcases.CartPageTest" time="37.316" errors="0" timestamp="2023-05-27T17:55:18 BDT" skipped="0">
  <testcase classname="testcases.CartPageTest" name="cartPageTest" time="37.316"/>
  <system-out/>
</testsuite> <!-- testcases.CartPageTest -->
